TN:
SF:index.js
FN:7,startServer
FN:15,(anonymous_1)
FNF:2
FNH:0
FNDA:0,startServer
FNDA:0,(anonymous_1)
DA:1,0
DA:2,0
DA:3,0
DA:4,0
DA:5,0
DA:8,0
DA:9,0
DA:11,0
DA:12,0
DA:13,0
DA:15,0
DA:16,0
DA:20,0
LF:13
LH:0
BRF:0
BRH:0
end_of_record
TN:
SF:resolvers.js
FN:23,determineVitalStatus
FN:35,createAlert
FN:63,calculateTrend
FN:70,(anonymous_3)
FN:71,(anonymous_4)
FN:82,(anonymous_5)
FN:84,(anonymous_6)
FN:85,(anonymous_7)
FN:86,(anonymous_8)
FN:89,(anonymous_9)
FN:93,(anonymous_10)
FN:99,(anonymous_11)
FN:103,(anonymous_12)
FN:104,(anonymous_13)
FN:111,(anonymous_14)
FN:119,(anonymous_15)
FN:122,(anonymous_16)
FN:124,(anonymous_17)
FN:129,(anonymous_18)
FN:152,(anonymous_19)
FN:153,(anonymous_20)
FN:159,(anonymous_21)
FN:160,(anonymous_22)
FN:171,(anonymous_23)
FN:174,(anonymous_24)
FN:182,(anonymous_25)
FN:185,(anonymous_26)
FNF:27
FNH:0
FNDA:0,determineVitalStatus
FNDA:0,createAlert
FNDA:0,calculateTrend
FNDA:0,(anonymous_3)
FNDA:0,(anonymous_4)
FNDA:0,(anonymous_5)
FNDA:0,(anonymous_6)
FNDA:0,(anonymous_7)
FNDA:0,(anonymous_8)
FNDA:0,(anonymous_9)
FNDA:0,(anonymous_10)
FNDA:0,(anonymous_11)
FNDA:0,(anonymous_12)
FNDA:0,(anonymous_13)
FNDA:0,(anonymous_14)
FNDA:0,(anonymous_15)
FNDA:0,(anonymous_16)
FNDA:0,(anonymous_17)
FNDA:0,(anonymous_18)
FNDA:0,(anonymous_19)
FNDA:0,(anonymous_20)
FNDA:0,(anonymous_21)
FNDA:0,(anonymous_22)
FNDA:0,(anonymous_23)
FNDA:0,(anonymous_24)
FNDA:0,(anonymous_25)
FNDA:0,(anonymous_26)
DA:2,0
DA:3,0
DA:5,0
DA:8,0
DA:19,0
DA:20,0
DA:24,0
DA:25,0
DA:27,0
DA:28,0
DA:29,0
DA:30,0
DA:32,0
DA:36,0
DA:39,0
DA:40,0
DA:41,0
DA:42,0
DA:43,0
DA:44,0
DA:47,0
DA:48,0
DA:56,0
DA:57,0
DA:58,0
DA:60,0
DA:64,0
DA:66,0
DA:67,0
DA:68,0
DA:70,0
DA:71,0
DA:73,0
DA:75,0
DA:76,0
DA:77,0
DA:80,0
DA:83,0
DA:84,0
DA:85,0
DA:86,0
DA:90,0
DA:91,0
DA:93,0
DA:94,0
DA:99,0
DA:101,0
DA:103,0
DA:104,0
DA:109,0
DA:111,0
DA:120,0
DA:121,0
DA:122,0
DA:124,0
DA:130,0
DA:131,0
DA:139,0
DA:142,0
DA:143,0
DA:147,0
DA:149,0
DA:153,0
DA:154,0
DA:155,0
DA:156,0
DA:160,0
DA:161,0
DA:163,0
DA:164,0
DA:165,0
DA:172,0
DA:173,0
DA:174,0
DA:177,0
DA:183,0
DA:184,0
DA:185,0
DA:188,0
DA:194,0
LF:80
LH:0
BRDA:25,0,0,0
BRDA:25,0,1,0
BRDA:27,1,0,0
BRDA:27,1,1,0
BRDA:27,2,0,0
BRDA:27,2,1,0
BRDA:29,3,0,0
BRDA:29,3,1,0
BRDA:29,4,0,0
BRDA:29,4,1,0
BRDA:39,5,0,0
BRDA:39,5,1,0
BRDA:42,6,0,0
BRDA:42,6,1,0
BRDA:47,7,0,0
BRDA:47,7,1,0
BRDA:64,8,0,0
BRDA:64,8,1,0
BRDA:75,9,0,0
BRDA:75,9,1,0
BRDA:76,10,0,0
BRDA:76,10,1,0
BRDA:84,11,0,0
BRDA:84,11,1,0
BRDA:85,12,0,0
BRDA:85,12,1,0
BRDA:94,13,0,0
BRDA:94,13,1,0
BRDA:94,13,2,0
BRDA:99,14,0,0
BRDA:99,14,1,0
BRDA:101,15,0,0
BRDA:101,15,1,0
BRDA:121,16,0,0
BRDA:121,16,1,0
BRDA:134,17,0,0
BRDA:134,17,1,0
BRDA:142,18,0,0
BRDA:142,18,1,0
BRDA:154,19,0,0
BRDA:154,19,1,0
BRDA:161,20,0,0
BRDA:161,20,1,0
BRDA:172,21,0,0
BRDA:172,21,1,0
BRDA:183,22,0,0
BRDA:183,22,1,0
BRF:47
BRH:0
end_of_record
TN:
SF:schema.js
FNF:0
FNH:0
DA:2,0
DA:4,0
DA:100,0
LF:3
LH:0
BRF:0
BRH:0
end_of_record
